<?xml version="1.0" encoding="UTF-8"?>
<!-- Generated by org.testng.reporters.JUnitReportReporter -->
<testsuite skipped="0" hostname="LAPTOP-V8C83NA5" name="seleniumsessions.capturescreenshot" tests="1" failures="0" timestamp="2020-10-11T10:20:02 IST" time="30.053" errors="0">
  <testcase name="screenshot" time="30.053" classname="seleniumsessions.capturescreenshot"/>
  <system-out/>
</testsuite> <!-- seleniumsessions.capturescreenshot -->
