<?xml version="1.0" encoding="UTF-8"?>
<!-- Generated by org.testng.reporters.JUnitReportReporter -->
<testsuite skipped="0" hostname="LAPTOP-V8C83NA5" name="seleniumsessions.Dropdowns2" tests="1" failures="0" timestamp="2020-10-03T09:18:48 IST" time="13.768" errors="0">
  <testcase name="selectedmonth" time="13.768" classname="seleniumsessions.Dropdowns2"/>
  <system-out/>
</testsuite> <!-- seleniumsessions.Dropdowns2 -->
