<?xml version="1.0" encoding="UTF-8"?>
<!-- Generated by org.testng.reporters.JUnitReportReporter -->
<testsuite skipped="0" hostname="LAPTOP-V8C83NA5" name="seleniumsessions.Nestedframe" tests="1" failures="0" timestamp="2020-10-03T19:22:25 IST" time="17.060" errors="0">
  <testcase name="testnestframe" time="17.060" classname="seleniumsessions.Nestedframe"/>
  <system-out/>
</testsuite> <!-- seleniumsessions.Nestedframe -->
