<?xml version="1.0" encoding="UTF-8"?>
<!-- Generated by org.testng.reporters.JUnitReportReporter -->
<testsuite skipped="0" hostname="LAPTOP-V8C83NA5" name="seleniumsessions.Dropdowns" tests="1" failures="0" timestamp="2020-10-02T20:08:05 IST" time="22.360" errors="0">
  <testcase name="selectedmonth" time="22.360" classname="seleniumsessions.Dropdowns"/>
  <system-out/>
</testsuite> <!-- seleniumsessions.Dropdowns -->
