<?xml version="1.0" encoding="UTF-8"?>
<!-- Generated by org.testng.reporters.JUnitReportReporter -->
<testsuite skipped="0" hostname="LAPTOP-V8C83NA5" name="seleniumsessions.Draganddrop" tests="1" failures="0" timestamp="2020-10-11T10:22:32 IST" time="12.978" errors="0">
  <testcase name="draganddroptest" time="12.978" classname="seleniumsessions.Draganddrop"/>
  <system-out/>
</testsuite> <!-- seleniumsessions.Draganddrop -->
