<?xml version="1.0" encoding="UTF-8"?>
<!-- Generated by org.testng.reporters.JUnitReportReporter -->
<testsuite skipped="0" hostname="LAPTOP-V8C83NA5" name="seleniumsessions.Mousehoverdemo" tests="1" failures="0" timestamp="2020-11-01T09:17:31 IST" time="20.175" errors="0">
  <testcase name="mousemovement" time="20.175" classname="seleniumsessions.Mousehoverdemo"/>
  <system-out/>
</testsuite> <!-- seleniumsessions.Mousehoverdemo -->
