<?xml version="1.0" encoding="UTF-8"?>
<!-- Generated by org.testng.reporters.JUnitReportReporter -->
<testsuite skipped="0" hostname="LAPTOP-V8C83NA5" name="seleniumsessions.Mousehoverdemo" tests="1" failures="0" timestamp="2020-10-07T09:22:31 IST" time="21.817" errors="0">
  <testcase name="mousemovement" time="21.817" classname="seleniumsessions.Mousehoverdemo"/>
  <system-out/>
</testsuite> <!-- seleniumsessions.Mousehoverdemo -->
