<?xml version="1.0" encoding="UTF-8"?>
<!-- Generated by org.testng.reporters.JUnitReportReporter -->
<testsuite skipped="0" hostname="LAPTOP-V8C83NA5" name="seleniumsessions.Mousemovement" tests="1" failures="0" timestamp="2020-10-11T10:24:05 IST" time="9.514" errors="0">
  <testcase name="mousetest" time="9.514" classname="seleniumsessions.Mousemovement"/>
  <system-out/>
</testsuite> <!-- seleniumsessions.Mousemovement -->
