<?xml version="1.0" encoding="UTF-8"?>
<!-- Generated by org.testng.reporters.JUnitReportReporter -->
<testsuite skipped="0" hostname="LAPTOP-V8C83NA5" name="seleniumsessions.Windowhandle" tests="1" failures="0" timestamp="2020-10-11T10:32:44 IST" time="24.805" errors="0">
  <testcase name="singlewindowhandle" time="24.805" classname="seleniumsessions.Windowhandle"/>
  <system-out/>
</testsuite> <!-- seleniumsessions.Windowhandle -->
