<?xml version="1.0" encoding="UTF-8"?>
<!-- Generated by org.testng.reporters.JUnitReportReporter -->
<testsuite skipped="0" hostname="LAPTOP-V8C83NA5" name="seleniumsessions.Handleframe" tests="1" failures="0" timestamp="2020-10-03T19:03:56 IST" time="17.163" errors="0">
  <testcase name="testframe" time="17.163" classname="seleniumsessions.Handleframe"/>
  <system-out/>
</testsuite> <!-- seleniumsessions.Handleframe -->
